<?xml version="1.0" encoding="utf-8"?><testsuites name="pytest tests"><testsuite name="pytest" errors="0" failures="0" skipped="0" tests="13" time="5.709" timestamp="2026-02-20T12:29:41.369166+00:00" hostname="agent-env-66edafed-daf3-435f-9b3f-9154645ce602"><testcase classname="backend.tests.test_api.TestHealthCheck" name="test_root_endpoint" time="0.238" /><testcase classname="backend.tests.test_api.TestHealthCheck" name="test_status_endpoint_get" time="0.124" /><testcase classname="backend.tests.test_api.TestStatusAPI" name="test_create_status_check" time="0.121" /><testcase classname="backend.tests.test_api.TestStatusAPI" name="test_verify_status_persisted" time="0.274" /><testcase classname="backend.tests.test_api.TestNewsletterAPI" name="test_newsletter_valid_email" time="1.879" /><testcase classname="backend.tests.test_api.TestNewsletterAPI" name="test_newsletter_missing_email" time="0.145" /><testcase classname="backend.tests.test_api.TestContactAPI" name="test_contact_valid_submission" time="0.468" /><testcase classname="backend.tests.test_api.TestContactAPI" name="test_contact_minimal_fields" time="0.508" /><testcase classname="backend.tests.test_api.TestContactAPI" name="test_contact_missing_required_fields" time="0.116" /><testcase classname="backend.tests.test_api.TestCVAPI" name="test_cv_valid_submission" time="0.440" /><testcase classname="backend.tests.test_api.TestCVAPI" name="test_cv_minimal_fields" time="0.435" /><testcase classname="backend.tests.test_api.TestConsultationAPI" name="test_consultation_valid_submission" time="0.453" /><testcase classname="backend.tests.test_api.TestConsultationAPI" name="test_consultation_minimal_fields" time="0.454" /></testsuite></testsuites>